<?xml version="1.0" encoding="UTF-8"?>
<coverage generated="1649692597120" clover="3.2.0">
  <project timestamp="1649692597120" name="All files">
    <metrics statements="167" coveredstatements="164" conditionals="63" coveredconditionals="51" methods="32" coveredmethods="30" elements="262" coveredelements="245" complexity="0" loc="167" ncloc="167" packages="8" files="10" classes="10"/>
    <package name="database">
      <metrics statements="26" coveredstatements="26" conditionals="11" coveredconditionals="11" methods="7" coveredmethods="6"/>
      <file name="index.js" path="D:\usr\Victor\Projects\db-to-sheets\midtier\resources\docker\src\database\index.js">
        <metrics statements="26" coveredstatements="26" conditionals="11" coveredconditionals="11" methods="7" coveredmethods="6"/>
        <line num="1" count="2" type="stmt"/>
        <line num="2" count="2" type="stmt"/>
        <line num="3" count="2" type="stmt"/>
        <line num="16" count="31" type="cond" truecount="4" falsecount="0"/>
        <line num="17" count="3" type="stmt"/>
        <line num="19" count="28" type="cond" truecount="2" falsecount="0"/>
        <line num="20" count="2" type="stmt"/>
        <line num="22" count="26" type="stmt"/>
        <line num="30" count="9" type="stmt"/>
        <line num="31" count="9" type="stmt"/>
        <line num="32" count="9" type="cond" truecount="3" falsecount="0"/>
        <line num="34" count="5" type="stmt"/>
        <line num="36" count="3" type="stmt"/>
        <line num="38" count="1" type="stmt"/>
        <line num="43" count="14" type="stmt"/>
        <line num="44" count="14" type="stmt"/>
        <line num="45" count="14" type="stmt"/>
        <line num="52" count="14" type="stmt"/>
        <line num="53" count="14" type="stmt"/>
        <line num="54" count="28" type="stmt"/>
        <line num="55" count="14" type="stmt"/>
        <line num="57" count="14" type="cond" truecount="2" falsecount="0"/>
        <line num="58" count="1" type="stmt"/>
        <line num="60" count="12" type="stmt"/>
        <line num="63" count="14" type="stmt"/>
        <line num="72" count="2" type="stmt"/>
      </file>
    </package>
    <package name="db-to-sheets">
      <metrics statements="25" coveredstatements="25" conditionals="6" coveredconditionals="6" methods="4" coveredmethods="4"/>
      <file name="index.js" path="D:\usr\Victor\Projects\db-to-sheets\midtier\resources\docker\src\db-to-sheets\index.js">
        <metrics statements="25" coveredstatements="25" conditionals="6" coveredconditionals="6" methods="4" coveredmethods="4"/>
        <line num="1" count="1" type="stmt"/>
        <line num="2" count="1" type="stmt"/>
        <line num="3" count="1" type="stmt"/>
        <line num="4" count="1" type="stmt"/>
        <line num="5" count="1" type="stmt"/>
        <line num="7" count="1" type="cond" truecount="2" falsecount="0"/>
        <line num="15" count="6" type="stmt"/>
        <line num="16" count="6" type="stmt"/>
        <line num="17" count="6" type="cond" truecount="2" falsecount="0"/>
        <line num="18" count="1" type="stmt"/>
        <line num="20" count="5" type="stmt"/>
        <line num="24" count="5" type="stmt"/>
        <line num="25" count="5" type="stmt"/>
        <line num="38" count="8" type="stmt"/>
        <line num="39" count="8" type="stmt"/>
        <line num="44" count="8" type="cond" truecount="2" falsecount="0"/>
        <line num="45" count="1" type="stmt"/>
        <line num="47" count="7" type="stmt"/>
        <line num="52" count="8" type="stmt"/>
        <line num="53" count="8" type="stmt"/>
        <line num="54" count="8" type="stmt"/>
        <line num="70" count="16" type="stmt"/>
        <line num="71" count="16" type="stmt"/>
        <line num="72" count="16" type="stmt"/>
        <line num="76" count="1" type="stmt"/>
      </file>
    </package>
    <package name="enums">
      <metrics statements="2" coveredstatements="2" conditionals="0" coveredconditionals="0" methods="0" coveredmethods="0"/>
      <file name="database-engine.enum.js" path="D:\usr\Victor\Projects\db-to-sheets\midtier\resources\docker\src\enums\database-engine.enum.js">
        <metrics statements="2" coveredstatements="2" conditionals="0" coveredconditionals="0" methods="0" coveredmethods="0"/>
        <line num="4" count="5" type="stmt"/>
        <line num="9" count="5" type="stmt"/>
      </file>
    </package>
    <package name="helpers">
      <metrics statements="39" coveredstatements="37" conditionals="16" coveredconditionals="10" methods="7" coveredmethods="7"/>
      <file name="random.js" path="D:\usr\Victor\Projects\db-to-sheets\midtier\resources\docker\src\helpers\random.js">
        <metrics statements="39" coveredstatements="37" conditionals="16" coveredconditionals="10" methods="7" coveredmethods="7"/>
        <line num="1" count="6" type="stmt"/>
        <line num="13" count="76499" type="stmt"/>
        <line num="14" count="76499" type="stmt"/>
        <line num="15" count="1223984" type="cond" truecount="2" falsecount="0"/>
        <line num="16" count="612030" type="stmt"/>
        <line num="18" count="611954" type="stmt"/>
        <line num="21" count="76499" type="stmt"/>
        <line num="29" count="1224199" type="stmt"/>
        <line num="37" count="612055" type="stmt"/>
        <line num="38" count="612055" type="cond" truecount="1" falsecount="3"/>
        <line num="40" count="612055" type="cond" truecount="2" falsecount="0"/>
        <line num="41" count="306400" type="stmt"/>
        <line num="43" count="305655" type="stmt"/>
        <line num="46" count="0" type="stmt"/>
        <line num="49" count="0" type="stmt"/>
        <line num="58" count="18" type="stmt"/>
        <line num="59" count="18" type="stmt"/>
        <line num="60" count="7" type="stmt"/>
        <line num="62" count="18" type="stmt"/>
        <line num="71" count="3" type="stmt"/>
        <line num="72" count="3" type="stmt"/>
        <line num="73" count="9" type="stmt"/>
        <line num="75" count="3" type="stmt"/>
        <line num="79" count="793" type="stmt"/>
        <line num="80" count="793" type="stmt"/>
        <line num="81" count="37982" type="stmt"/>
        <line num="83" count="793" type="stmt"/>
        <line num="92" count="21" type="stmt"/>
        <line num="93" count="21" type="stmt"/>
        <line num="94" count="21" type="stmt"/>
        <line num="95" count="21" type="stmt"/>
        <line num="96" count="793" type="stmt"/>
        <line num="98" count="21" type="stmt"/>
        <line num="102" count="36" type="stmt"/>
        <line num="103" count="36" type="stmt"/>
        <line num="104" count="36" type="stmt"/>
        <line num="105" count="166" type="stmt"/>
        <line num="107" count="36" type="stmt"/>
        <line num="111" count="6" type="stmt"/>
      </file>
    </package>
    <package name="helpers.validator">
      <metrics statements="14" coveredstatements="14" conditionals="6" coveredconditionals="6" methods="3" coveredmethods="3"/>
      <file name="index.js" path="D:\usr\Victor\Projects\db-to-sheets\midtier\resources\docker\src\helpers\validator\index.js">
        <metrics statements="14" coveredstatements="14" conditionals="6" coveredconditionals="6" methods="3" coveredmethods="3"/>
        <line num="6" count="4" type="stmt"/>
        <line num="7" count="9" type="stmt"/>
        <line num="8" count="8" type="stmt"/>
        <line num="14" count="4" type="stmt"/>
        <line num="15" count="10" type="stmt"/>
        <line num="16" count="9" type="stmt"/>
        <line num="19" count="4" type="stmt"/>
        <line num="20" count="9" type="stmt"/>
        <line num="21" count="8" type="stmt"/>
        <line num="29" count="28" type="cond" truecount="2" falsecount="0"/>
        <line num="30" count="3" type="stmt"/>
        <line num="35" count="25" type="cond" truecount="4" falsecount="0"/>
        <line num="36" count="22" type="stmt"/>
        <line num="41" count="4" type="stmt"/>
      </file>
    </package>
    <package name="models">
      <metrics statements="17" coveredstatements="17" conditionals="16" coveredconditionals="11" methods="4" coveredmethods="4"/>
      <file name="database-config.model.js" path="D:\usr\Victor\Projects\db-to-sheets\midtier\resources\docker\src\models\database-config.model.js">
        <metrics statements="5" coveredstatements="5" conditionals="2" coveredconditionals="1" methods="1" coveredmethods="1"/>
        <line num="1" count="3" type="stmt"/>
        <line num="38" count="4" type="stmt"/>
        <line num="39" count="18" type="cond" truecount="1" falsecount="1"/>
        <line num="40" count="18" type="stmt"/>
        <line num="46" count="3" type="stmt"/>
      </file>
      <file name="report-details.model.js" path="D:\usr\Victor\Projects\db-to-sheets\midtier\resources\docker\src\models\report-details.model.js">
        <metrics statements="7" coveredstatements="7" conditionals="4" coveredconditionals="3" methods="1" coveredmethods="1"/>
        <line num="1" count="1" type="stmt"/>
        <line num="43" count="18" type="stmt"/>
        <line num="44" count="99" type="cond" truecount="1" falsecount="1"/>
        <line num="45" count="99" type="cond" truecount="2" falsecount="0"/>
        <line num="46" count="1" type="stmt"/>
        <line num="48" count="98" type="stmt"/>
        <line num="55" count="1" type="stmt"/>
      </file>
      <file name="spreadsheet-range.model.js" path="D:\usr\Victor\Projects\db-to-sheets\midtier\resources\docker\src\models\spreadsheet-range.model.js">
        <metrics statements="5" coveredstatements="5" conditionals="10" coveredconditionals="7" methods="2" coveredmethods="2"/>
        <line num="26" count="18" type="stmt"/>
        <line num="27" count="72" type="cond" truecount="1" falsecount="1"/>
        <line num="28" count="72" type="stmt"/>
        <line num="35" count="19" type="stmt"/>
        <line num="47" count="2" type="stmt"/>
      </file>
    </package>
    <package name="secret-manager">
      <metrics statements="10" coveredstatements="10" conditionals="6" coveredconditionals="6" methods="1" coveredmethods="1"/>
      <file name="index.js" path="D:\usr\Victor\Projects\db-to-sheets\midtier\resources\docker\src\secret-manager\index.js">
        <metrics statements="10" coveredstatements="10" conditionals="6" coveredconditionals="6" methods="1" coveredmethods="1"/>
        <line num="4" count="2" type="stmt"/>
        <line num="5" count="2" type="stmt"/>
        <line num="6" count="2" type="cond" truecount="2" falsecount="0"/>
        <line num="7" count="2" type="cond" truecount="2" falsecount="0"/>
        <line num="15" count="6" type="cond" truecount="2" falsecount="0"/>
        <line num="16" count="4" type="stmt"/>
        <line num="18" count="2" type="stmt"/>
        <line num="19" count="2" type="stmt"/>
        <line num="20" count="2" type="stmt"/>
        <line num="24" count="2" type="stmt"/>
      </file>
    </package>
    <package name="spreadsheet">
      <metrics statements="34" coveredstatements="33" conditionals="2" coveredconditionals="1" methods="6" coveredmethods="5"/>
      <file name="index.js" path="D:\usr\Victor\Projects\db-to-sheets\midtier\resources\docker\src\spreadsheet\index.js">
        <metrics statements="34" coveredstatements="33" conditionals="2" coveredconditionals="1" methods="6" coveredmethods="5"/>
        <line num="1" count="2" type="stmt"/>
        <line num="2" count="2" type="stmt"/>
        <line num="3" count="2" type="stmt"/>
        <line num="4" count="2" type="stmt"/>
        <line num="5" count="2" type="stmt"/>
        <line num="6" count="2" type="stmt"/>
        <line num="12" count="2" type="stmt"/>
        <line num="26" count="16" type="stmt"/>
        <line num="27" count="16" type="stmt"/>
        <line num="28" count="16" type="stmt"/>
        <line num="29" count="16" type="stmt"/>
        <line num="31" count="16" type="stmt"/>
        <line num="32" count="16" type="stmt"/>
        <line num="34" count="16" type="stmt"/>
        <line num="35" count="16" type="stmt"/>
        <line num="36" count="16" type="stmt"/>
        <line num="37" count="16" type="stmt"/>
        <line num="39" count="16" type="stmt"/>
        <line num="47" count="16" type="stmt"/>
        <line num="51" count="16" type="stmt"/>
        <line num="52" count="16" type="stmt"/>
        <line num="60" count="16" type="stmt"/>
        <line num="72" count="239" type="cond" truecount="1" falsecount="1"/>
        <line num="73" count="16" type="stmt"/>
        <line num="88" count="16" type="stmt"/>
        <line num="92" count="16" type="stmt"/>
        <line num="93" count="16" type="stmt"/>
        <line num="94" count="16" type="stmt"/>
        <line num="95" count="16" type="stmt"/>
        <line num="96" count="0" type="stmt"/>
        <line num="98" count="16" type="stmt"/>
        <line num="99" count="16" type="stmt"/>
        <line num="105" count="16" type="stmt"/>
        <line num="109" count="2" type="stmt"/>
      </file>
    </package>
  </project>
</coverage>
