{"D:\\usr\\Victor\\Projects\\db-to-sheets\\midtier\\resources\\docker\\src\\database\\index.js": {"path":"D:\\usr\\Victor\\Projects\\db-to-sheets\\midtier\\resources\\docker\\src\\database\\index.js","statementMap":{"0":{"start":{"line":1,"column":25},"end":{"line":1,"column":65}},"1":{"start":{"line":2,"column":11},"end":{"line":2,"column":24}},"2":{"start":{"line":3,"column":19},"end":{"line":3,"column":50}},"3":{"start":{"line":16,"column":4},"end":{"line":18,"column":5}},"4":{"start":{"line":17,"column":6},"end":{"line":17,"column":74}},"5":{"start":{"line":19,"column":4},"end":{"line":21,"column":5}},"6":{"start":{"line":20,"column":6},"end":{"line":20,"column":76}},"7":{"start":{"line":22,"column":4},"end":{"line":22,"column":32}},"8":{"start":{"line":30,"column":4},"end":{"line":30,"column":34}},"9":{"start":{"line":31,"column":4},"end":{"line":31,"column":34}},"10":{"start":{"line":32,"column":4},"end":{"line":39,"column":5}},"11":{"start":{"line":34,"column":8},"end":{"line":34,"column":47}},"12":{"start":{"line":36,"column":8},"end":{"line":36,"column":44}},"13":{"start":{"line":38,"column":8},"end":{"line":38,"column":71}},"14":{"start":{"line":43,"column":4},"end":{"line":43,"column":34}},"15":{"start":{"line":44,"column":4},"end":{"line":44,"column":34}},"16":{"start":{"line":45,"column":19},"end":{"line":51,"column":6}},"17":{"start":{"line":52,"column":4},"end":{"line":52,"column":27}},"18":{"start":{"line":53,"column":23},"end":{"line":53,"column":42}},"19":{"start":{"line":54,"column":21},"end":{"line":54,"column":69}},"20":{"start":{"line":54,"column":46},"end":{"line":54,"column":57}},"21":{"start":{"line":55,"column":4},"end":{"line":64,"column":9}},"22":{"start":{"line":57,"column":8},"end":{"line":59,"column":9}},"23":{"start":{"line":58,"column":10},"end":{"line":58,"column":36}},"24":{"start":{"line":60,"column":8},"end":{"line":60,"column":25}},"25":{"start":{"line":63,"column":8},"end":{"line":63,"column":21}},"26":{"start":{"line":72,"column":0},"end":{"line":72,"column":28}}},"fnMap":{"0":{"name":"(anonymous_0)","decl":{"start":{"line":15,"column":2},"end":{"line":15,"column":3}},"loc":{"start":{"line":15,"column":29},"end":{"line":23,"column":3}},"line":15},"1":{"name":"(anonymous_1)","decl":{"start":{"line":29,"column":2},"end":{"line":29,"column":3}},"loc":{"start":{"line":29,"column":28},"end":{"line":40,"column":3}},"line":29},"2":{"name":"(anonymous_2)","decl":{"start":{"line":42,"column":2},"end":{"line":42,"column":3}},"loc":{"start":{"line":42,"column":29},"end":{"line":65,"column":3}},"line":42},"3":{"name":"(anonymous_3)","decl":{"start":{"line":54,"column":36},"end":{"line":54,"column":37}},"loc":{"start":{"line":54,"column":46},"end":{"line":54,"column":57}},"line":54},"4":{"name":"(anonymous_4)","decl":{"start":{"line":56,"column":12},"end":{"line":56,"column":13}},"loc":{"start":{"line":56,"column":20},"end":{"line":61,"column":7}},"line":56},"5":{"name":"(anonymous_5)","decl":{"start":{"line":62,"column":15},"end":{"line":62,"column":16}},"loc":{"start":{"line":62,"column":21},"end":{"line":64,"column":7}},"line":62},"6":{"name":"(anonymous_6)","decl":{"start":{"line":67,"column":2},"end":{"line":67,"column":3}},"loc":{"start":{"line":67,"column":16},"end":{"line":69,"column":3}},"line":67}},"branchMap":{"0":{"loc":{"start":{"line":16,"column":4},"end":{"line":18,"column":5}},"type":"if","locations":[{"start":{"line":16,"column":4},"end":{"line":18,"column":5}},{"start":{},"end":{}}],"line":16},"1":{"loc":{"start":{"line":16,"column":8},"end":{"line":16,"column":61}},"type":"binary-expr","locations":[{"start":{"line":16,"column":8},"end":{"line":16,"column":30}},{"start":{"line":16,"column":34},"end":{"line":16,"column":61}}],"line":16},"2":{"loc":{"start":{"line":19,"column":4},"end":{"line":21,"column":5}},"type":"if","locations":[{"start":{"line":19,"column":4},"end":{"line":21,"column":5}},{"start":{},"end":{}}],"line":19},"3":{"loc":{"start":{"line":32,"column":4},"end":{"line":39,"column":5}},"type":"switch","locations":[{"start":{"line":33,"column":6},"end":{"line":34,"column":47}},{"start":{"line":35,"column":6},"end":{"line":36,"column":44}},{"start":{"line":37,"column":6},"end":{"line":38,"column":71}}],"line":32},"4":{"loc":{"start":{"line":57,"column":8},"end":{"line":59,"column":9}},"type":"if","locations":[{"start":{"line":57,"column":8},"end":{"line":59,"column":9}},{"start":{},"end":{}}],"line":57}},"s":{"0":2,"1":2,"2":2,"3":31,"4":3,"5":28,"6":2,"7":26,"8":9,"9":9,"10":9,"11":5,"12":3,"13":1,"14":14,"15":14,"16":14,"17":14,"18":14,"19":14,"20":28,"21":14,"22":14,"23":1,"24":12,"25":14,"26":2},"f":{"0":31,"1":9,"2":14,"3":28,"4":14,"5":14,"6":0},"b":{"0":[3,28],"1":[31,30],"2":[2,26],"3":[5,3,1],"4":[1,12]},"_coverageSchema":"1a1c01bbd47fc00a2c39e90264f33305004495a9","hash":"847d2c29dd0be21ed123ad352f6389fe14a686a5"}
,"D:\\usr\\Victor\\Projects\\db-to-sheets\\midtier\\resources\\docker\\src\\db-to-sheets\\index.js": {"path":"D:\\usr\\Victor\\Projects\\db-to-sheets\\midtier\\resources\\docker\\src\\db-to-sheets\\index.js","statementMap":{"0":{"start":{"line":1,"column":24},"end":{"line":1,"column":52}},"1":{"start":{"line":2,"column":19},"end":{"line":2,"column":41}},"2":{"start":{"line":3,"column":24},"end":{"line":3,"column":65}},"3":{"start":{"line":4,"column":22},"end":{"line":4,"column":47}},"4":{"start":{"line":5,"column":19},"end":{"line":5,"column":50}},"5":{"start":{"line":7,"column":14},"end":{"line":7,"column":40}},"6":{"start":{"line":15,"column":4},"end":{"line":15,"column":42}},"7":{"start":{"line":16,"column":26},"end":{"line":16,"column":63}},"8":{"start":{"line":17,"column":4},"end":{"line":19,"column":5}},"9":{"start":{"line":18,"column":6},"end":{"line":18,"column":72}},"10":{"start":{"line":20,"column":23},"end":{"line":23,"column":5}},"11":{"start":{"line":24,"column":24},"end":{"line":24,"column":41}},"12":{"start":{"line":25,"column":4},"end":{"line":30,"column":6}},"13":{"start":{"line":38,"column":4},"end":{"line":38,"column":30}},"14":{"start":{"line":39,"column":4},"end":{"line":48,"column":7}},"15":{"start":{"line":44,"column":6},"end":{"line":46,"column":7}},"16":{"start":{"line":45,"column":8},"end":{"line":45,"column":36}},"17":{"start":{"line":47,"column":6},"end":{"line":47,"column":15}},"18":{"start":{"line":52,"column":4},"end":{"line":52,"column":60}},"19":{"start":{"line":53,"column":4},"end":{"line":53,"column":64}},"20":{"start":{"line":54,"column":4},"end":{"line":58,"column":6}},"21":{"start":{"line":70,"column":19},"end":{"line":70,"column":67}},"22":{"start":{"line":71,"column":21},"end":{"line":71,"column":41}},"23":{"start":{"line":72,"column":4},"end":{"line":72,"column":61}},"24":{"start":{"line":76,"column":0},"end":{"line":76,"column":30}}},"fnMap":{"0":{"name":"(anonymous_0)","decl":{"start":{"line":14,"column":2},"end":{"line":14,"column":3}},"loc":{"start":{"line":14,"column":22},"end":{"line":31,"column":3}},"line":14},"1":{"name":"(anonymous_1)","decl":{"start":{"line":37,"column":2},"end":{"line":37,"column":3}},"loc":{"start":{"line":37,"column":29},"end":{"line":49,"column":3}},"line":37},"2":{"name":"(anonymous_2)","decl":{"start":{"line":43,"column":11},"end":{"line":43,"column":12}},"loc":{"start":{"line":43,"column":16},"end":{"line":48,"column":5}},"line":43},"3":{"name":"(anonymous_3)","decl":{"start":{"line":51,"column":2},"end":{"line":51,"column":3}},"loc":{"start":{"line":51,"column":64},"end":{"line":59,"column":3}},"line":51}},"branchMap":{"0":{"loc":{"start":{"line":7,"column":14},"end":{"line":7,"column":40}},"type":"binary-expr","locations":[{"start":{"line":7,"column":14},"end":{"line":7,"column":31}},{"start":{"line":7,"column":35},"end":{"line":7,"column":40}}],"line":7},"1":{"loc":{"start":{"line":17,"column":4},"end":{"line":19,"column":5}},"type":"if","locations":[{"start":{"line":17,"column":4},"end":{"line":19,"column":5}},{"start":{},"end":{}}],"line":17},"2":{"loc":{"start":{"line":44,"column":6},"end":{"line":46,"column":7}},"type":"if","locations":[{"start":{"line":44,"column":6},"end":{"line":46,"column":7}},{"start":{},"end":{}}],"line":44}},"s":{"0":1,"1":1,"2":1,"3":1,"4":1,"5":1,"6":6,"7":6,"8":6,"9":1,"10":5,"11":5,"12":5,"13":8,"14":8,"15":8,"16":1,"17":7,"18":8,"19":8,"20":8,"21":16,"22":16,"23":16,"24":1},"f":{"0":6,"1":8,"2":8,"3":8},"b":{"0":[1,1],"1":[1,5],"2":[1,7]},"_coverageSchema":"1a1c01bbd47fc00a2c39e90264f33305004495a9","hash":"e881df466e346d8d716d75bf22f1109c9b23deb9"}
,"D:\\usr\\Victor\\Projects\\db-to-sheets\\midtier\\resources\\docker\\src\\enums\\database-engine.enum.js": {"path":"D:\\usr\\Victor\\Projects\\db-to-sheets\\midtier\\resources\\docker\\src\\enums\\database-engine.enum.js","statementMap":{"0":{"start":{"line":4,"column":23},"end":{"line":7,"column":1}},"1":{"start":{"line":9,"column":0},"end":{"line":9,"column":34}}},"fnMap":{},"branchMap":{},"s":{"0":5,"1":5},"f":{},"b":{},"_coverageSchema":"1a1c01bbd47fc00a2c39e90264f33305004495a9","hash":"4b252e25e8bafd85c001ad177f9b71c209d0926a"}
,"D:\\usr\\Victor\\Projects\\db-to-sheets\\midtier\\resources\\docker\\src\\helpers\\random.js": {"path":"D:\\usr\\Victor\\Projects\\db-to-sheets\\midtier\\resources\\docker\\src\\helpers\\random.js","statementMap":{"0":{"start":{"line":1,"column":17},"end":{"line":5,"column":1}},"1":{"start":{"line":13,"column":17},"end":{"line":13,"column":19}},"2":{"start":{"line":14,"column":4},"end":{"line":20,"column":5}},"3":{"start":{"line":14,"column":17},"end":{"line":14,"column":18}},"4":{"start":{"line":15,"column":6},"end":{"line":19,"column":7}},"5":{"start":{"line":16,"column":8},"end":{"line":16,"column":51}},"6":{"start":{"line":18,"column":8},"end":{"line":18,"column":41}},"7":{"start":{"line":21,"column":4},"end":{"line":21,"column":18}},"8":{"start":{"line":29,"column":4},"end":{"line":29,"column":43}},"9":{"start":{"line":37,"column":23},"end":{"line":37,"column":51}},"10":{"start":{"line":38,"column":4},"end":{"line":50,"column":5}},"11":{"start":{"line":40,"column":8},"end":{"line":44,"column":9}},"12":{"start":{"line":41,"column":10},"end":{"line":41,"column":76}},"13":{"start":{"line":43,"column":10},"end":{"line":43,"column":62}},"14":{"start":{"line":46,"column":8},"end":{"line":46,"column":74}},"15":{"start":{"line":49,"column":8},"end":{"line":49,"column":60}},"16":{"start":{"line":58,"column":17},"end":{"line":58,"column":19}},"17":{"start":{"line":59,"column":4},"end":{"line":61,"column":5}},"18":{"start":{"line":59,"column":17},"end":{"line":59,"column":18}},"19":{"start":{"line":60,"column":6},"end":{"line":60,"column":43}},"20":{"start":{"line":62,"column":4},"end":{"line":62,"column":18}},"21":{"start":{"line":71,"column":18},"end":{"line":71,"column":33}},"22":{"start":{"line":72,"column":4},"end":{"line":74,"column":5}},"23":{"start":{"line":72,"column":17},"end":{"line":72,"column":18}},"24":{"start":{"line":73,"column":6},"end":{"line":73,"column":48}},"25":{"start":{"line":75,"column":4},"end":{"line":75,"column":17}},"26":{"start":{"line":79,"column":16},"end":{"line":79,"column":18}},"27":{"start":{"line":80,"column":4},"end":{"line":82,"column":5}},"28":{"start":{"line":80,"column":17},"end":{"line":80,"column":18}},"29":{"start":{"line":81,"column":6},"end":{"line":81,"column":57}},"30":{"start":{"line":83,"column":4},"end":{"line":83,"column":15}},"31":{"start":{"line":92,"column":26},"end":{"line":92,"column":60}},"32":{"start":{"line":93,"column":22},"end":{"line":93,"column":53}},"33":{"start":{"line":94,"column":18},"end":{"line":94,"column":20}},"34":{"start":{"line":95,"column":4},"end":{"line":97,"column":5}},"35":{"start":{"line":95,"column":17},"end":{"line":95,"column":18}},"36":{"start":{"line":96,"column":6},"end":{"line":96,"column":49}},"37":{"start":{"line":98,"column":4},"end":{"line":98,"column":17}},"38":{"start":{"line":102,"column":17},"end":{"line":102,"column":39}},"39":{"start":{"line":103,"column":16},"end":{"line":103,"column":18}},"40":{"start":{"line":104,"column":4},"end":{"line":106,"column":5}},"41":{"start":{"line":104,"column":17},"end":{"line":104,"column":18}},"42":{"start":{"line":105,"column":6},"end":{"line":105,"column":57}},"43":{"start":{"line":107,"column":4},"end":{"line":107,"column":15}},"44":{"start":{"line":111,"column":0},"end":{"line":111,"column":36}}},"fnMap":{"0":{"name":"(anonymous_0)","decl":{"start":{"line":12,"column":2},"end":{"line":12,"column":3}},"loc":{"start":{"line":12,"column":35},"end":{"line":22,"column":3}},"line":12},"1":{"name":"(anonymous_1)","decl":{"start":{"line":28,"column":2},"end":{"line":28,"column":3}},"loc":{"start":{"line":28,"column":21},"end":{"line":30,"column":3}},"line":28},"2":{"name":"(anonymous_2)","decl":{"start":{"line":36,"column":2},"end":{"line":36,"column":3}},"loc":{"start":{"line":36,"column":46},"end":{"line":51,"column":3}},"line":36},"3":{"name":"(anonymous_3)","decl":{"start":{"line":57,"column":2},"end":{"line":57,"column":3}},"loc":{"start":{"line":57,"column":56},"end":{"line":63,"column":3}},"line":57},"4":{"name":"(anonymous_4)","decl":{"start":{"line":70,"column":2},"end":{"line":70,"column":3}},"loc":{"start":{"line":70,"column":44},"end":{"line":76,"column":3}},"line":70},"5":{"name":"(anonymous_5)","decl":{"start":{"line":91,"column":2},"end":{"line":91,"column":3}},"loc":{"start":{"line":91,"column":59},"end":{"line":99,"column":3}},"line":91},"6":{"name":"(anonymous_6)","decl":{"start":{"line":101,"column":2},"end":{"line":101,"column":3}},"loc":{"start":{"line":101,"column":30},"end":{"line":108,"column":3}},"line":101}},"branchMap":{"0":{"loc":{"start":{"line":12,"column":22},"end":{"line":12,"column":33}},"type":"default-arg","locations":[{"start":{"line":12,"column":31},"end":{"line":12,"column":33}}],"line":12},"1":{"loc":{"start":{"line":15,"column":6},"end":{"line":19,"column":7}},"type":"if","locations":[{"start":{"line":15,"column":6},"end":{"line":19,"column":7}},{"start":{"line":17,"column":13},"end":{"line":19,"column":7}}],"line":15},"2":{"loc":{"start":{"line":36,"column":19},"end":{"line":36,"column":44}},"type":"default-arg","locations":[{"start":{"line":36,"column":30},"end":{"line":36,"column":44}}],"line":36},"3":{"loc":{"start":{"line":38,"column":4},"end":{"line":50,"column":5}},"type":"switch","locations":[{"start":{"line":39,"column":6},"end":{"line":44,"column":9}},{"start":{"line":45,"column":6},"end":{"line":46,"column":74}},{"start":{"line":47,"column":6},"end":{"line":47,"column":26}},{"start":{"line":48,"column":6},"end":{"line":49,"column":60}}],"line":38},"4":{"loc":{"start":{"line":40,"column":8},"end":{"line":44,"column":9}},"type":"if","locations":[{"start":{"line":40,"column":8},"end":{"line":44,"column":9}},{"start":{"line":42,"column":15},"end":{"line":44,"column":9}}],"line":40},"5":{"loc":{"start":{"line":57,"column":16},"end":{"line":57,"column":27}},"type":"default-arg","locations":[{"start":{"line":57,"column":25},"end":{"line":57,"column":27}}],"line":57},"6":{"loc":{"start":{"line":57,"column":29},"end":{"line":57,"column":54}},"type":"default-arg","locations":[{"start":{"line":57,"column":40},"end":{"line":57,"column":54}}],"line":57},"7":{"loc":{"start":{"line":70,"column":21},"end":{"line":70,"column":42}},"type":"default-arg","locations":[{"start":{"line":70,"column":39},"end":{"line":70,"column":42}}],"line":70},"8":{"loc":{"start":{"line":91,"column":15},"end":{"line":91,"column":36}},"type":"default-arg","locations":[{"start":{"line":91,"column":33},"end":{"line":91,"column":36}}],"line":91},"9":{"loc":{"start":{"line":91,"column":38},"end":{"line":91,"column":57}},"type":"default-arg","locations":[{"start":{"line":91,"column":53},"end":{"line":91,"column":57}}],"line":91},"10":{"loc":{"start":{"line":101,"column":16},"end":{"line":101,"column":28}},"type":"default-arg","locations":[{"start":{"line":101,"column":26},"end":{"line":101,"column":28}}],"line":101}},"s":{"0":6,"1":76499,"2":76499,"3":76499,"4":1223984,"5":612030,"6":611954,"7":76499,"8":1224199,"9":612055,"10":612055,"11":612055,"12":306400,"13":305655,"14":0,"15":0,"16":18,"17":18,"18":18,"19":7,"20":18,"21":3,"22":3,"23":3,"24":9,"25":3,"26":793,"27":793,"28":793,"29":37982,"30":793,"31":21,"32":21,"33":21,"34":21,"35":21,"36":793,"37":21,"38":36,"39":36,"40":36,"41":36,"42":166,"43":36,"44":6},"f":{"0":76499,"1":1224199,"2":612055,"3":18,"4":3,"5":21,"6":36},"b":{"0":[76499],"1":[612030,611954],"2":[0],"3":[612055,0,0,0],"4":[306400,305655],"5":[0],"6":[0],"7":[3],"8":[2],"9":[2],"10":[36]},"_coverageSchema":"1a1c01bbd47fc00a2c39e90264f33305004495a9","hash":"9215e6b77384453a62b466056157d38eacbc4c4d"}
,"D:\\usr\\Victor\\Projects\\db-to-sheets\\midtier\\resources\\docker\\src\\helpers\\validator\\index.js": {"path":"D:\\usr\\Victor\\Projects\\db-to-sheets\\midtier\\resources\\docker\\src\\helpers\\validator\\index.js","statementMap":{"0":{"start":{"line":6,"column":18},"end":{"line":9,"column":3}},"1":{"start":{"line":7,"column":4},"end":{"line":7,"column":33}},"2":{"start":{"line":8,"column":4},"end":{"line":8,"column":47}},"3":{"start":{"line":14,"column":18},"end":{"line":17,"column":3}},"4":{"start":{"line":15,"column":4},"end":{"line":15,"column":33}},"5":{"start":{"line":16,"column":4},"end":{"line":16,"column":47}},"6":{"start":{"line":19,"column":18},"end":{"line":22,"column":3}},"7":{"start":{"line":20,"column":4},"end":{"line":20,"column":33}},"8":{"start":{"line":21,"column":4},"end":{"line":21,"column":47}},"9":{"start":{"line":29,"column":4},"end":{"line":31,"column":5}},"10":{"start":{"line":30,"column":6},"end":{"line":30,"column":101}},"11":{"start":{"line":35,"column":4},"end":{"line":37,"column":5}},"12":{"start":{"line":36,"column":6},"end":{"line":36,"column":125}},"13":{"start":{"line":41,"column":0},"end":{"line":41,"column":28}}},"fnMap":{"0":{"name":"(anonymous_0)","decl":{"start":{"line":6,"column":18},"end":{"line":6,"column":19}},"loc":{"start":{"line":6,"column":31},"end":{"line":9,"column":3}},"line":6},"1":{"name":"(anonymous_1)","decl":{"start":{"line":14,"column":18},"end":{"line":14,"column":19}},"loc":{"start":{"line":14,"column":31},"end":{"line":17,"column":3}},"line":14},"2":{"name":"(anonymous_2)","decl":{"start":{"line":19,"column":18},"end":{"line":19,"column":19}},"loc":{"start":{"line":19,"column":31},"end":{"line":22,"column":3}},"line":19}},"branchMap":{"0":{"loc":{"start":{"line":29,"column":4},"end":{"line":31,"column":5}},"type":"if","locations":[{"start":{"line":29,"column":4},"end":{"line":31,"column":5}},{"start":{},"end":{}}],"line":29},"1":{"loc":{"start":{"line":35,"column":4},"end":{"line":37,"column":5}},"type":"if","locations":[{"start":{"line":35,"column":4},"end":{"line":37,"column":5}},{"start":{},"end":{}}],"line":35},"2":{"loc":{"start":{"line":35,"column":8},"end":{"line":35,"column":47}},"type":"binary-expr","locations":[{"start":{"line":35,"column":8},"end":{"line":35,"column":29}},{"start":{"line":35,"column":33},"end":{"line":35,"column":47}}],"line":35}},"s":{"0":4,"1":9,"2":8,"3":4,"4":10,"5":9,"6":4,"7":9,"8":8,"9":28,"10":3,"11":25,"12":22,"13":4},"f":{"0":9,"1":10,"2":9},"b":{"0":[3,25],"1":[22,3],"2":[25,4]},"_coverageSchema":"1a1c01bbd47fc00a2c39e90264f33305004495a9","hash":"edc85f39c434537e0c83f195339c76904ca02b83"}
,"D:\\usr\\Victor\\Projects\\db-to-sheets\\midtier\\resources\\docker\\src\\models\\database-config.model.js": {"path":"D:\\usr\\Victor\\Projects\\db-to-sheets\\midtier\\resources\\docker\\src\\models\\database-config.model.js","statementMap":{"0":{"start":{"line":1,"column":25},"end":{"line":1,"column":65}},"1":{"start":{"line":38,"column":4},"end":{"line":42,"column":5}},"2":{"start":{"line":39,"column":6},"end":{"line":41,"column":7}},"3":{"start":{"line":40,"column":8},"end":{"line":40,"column":32}},"4":{"start":{"line":46,"column":0},"end":{"line":46,"column":34}}},"fnMap":{"0":{"name":"(anonymous_0)","decl":{"start":{"line":37,"column":2},"end":{"line":37,"column":3}},"loc":{"start":{"line":37,"column":22},"end":{"line":43,"column":3}},"line":37}},"branchMap":{"0":{"loc":{"start":{"line":39,"column":6},"end":{"line":41,"column":7}},"type":"if","locations":[{"start":{"line":39,"column":6},"end":{"line":41,"column":7}},{"start":{},"end":{}}],"line":39}},"s":{"0":3,"1":4,"2":18,"3":18,"4":3},"f":{"0":4},"b":{"0":[18,0]},"_coverageSchema":"1a1c01bbd47fc00a2c39e90264f33305004495a9","hash":"7fef39891aeb76ae993845ec3fd6e727568fc36e"}
,"D:\\usr\\Victor\\Projects\\db-to-sheets\\midtier\\resources\\docker\\src\\models\\report-details.model.js": {"path":"D:\\usr\\Victor\\Projects\\db-to-sheets\\midtier\\resources\\docker\\src\\models\\report-details.model.js","statementMap":{"0":{"start":{"line":1,"column":27},"end":{"line":1,"column":63}},"1":{"start":{"line":43,"column":4},"end":{"line":51,"column":5}},"2":{"start":{"line":44,"column":6},"end":{"line":50,"column":7}},"3":{"start":{"line":45,"column":8},"end":{"line":49,"column":9}},"4":{"start":{"line":46,"column":10},"end":{"line":46,"column":57}},"5":{"start":{"line":48,"column":10},"end":{"line":48,"column":35}},"6":{"start":{"line":55,"column":0},"end":{"line":55,"column":33}}},"fnMap":{"0":{"name":"(anonymous_0)","decl":{"start":{"line":42,"column":2},"end":{"line":42,"column":3}},"loc":{"start":{"line":42,"column":23},"end":{"line":52,"column":3}},"line":42}},"branchMap":{"0":{"loc":{"start":{"line":44,"column":6},"end":{"line":50,"column":7}},"type":"if","locations":[{"start":{"line":44,"column":6},"end":{"line":50,"column":7}},{"start":{},"end":{}}],"line":44},"1":{"loc":{"start":{"line":45,"column":8},"end":{"line":49,"column":9}},"type":"if","locations":[{"start":{"line":45,"column":8},"end":{"line":49,"column":9}},{"start":{"line":47,"column":15},"end":{"line":49,"column":9}}],"line":45}},"s":{"0":1,"1":18,"2":99,"3":99,"4":1,"5":98,"6":1},"f":{"0":18},"b":{"0":[99,0],"1":[1,98]},"_coverageSchema":"1a1c01bbd47fc00a2c39e90264f33305004495a9","hash":"683d6300ab75e84d57f6bf4e7ffbe57c737bfaf7"}
,"D:\\usr\\Victor\\Projects\\db-to-sheets\\midtier\\resources\\docker\\src\\models\\spreadsheet-range.model.js": {"path":"D:\\usr\\Victor\\Projects\\db-to-sheets\\midtier\\resources\\docker\\src\\models\\spreadsheet-range.model.js","statementMap":{"0":{"start":{"line":26,"column":4},"end":{"line":30,"column":5}},"1":{"start":{"line":27,"column":6},"end":{"line":29,"column":7}},"2":{"start":{"line":28,"column":8},"end":{"line":28,"column":31}},"3":{"start":{"line":35,"column":4},"end":{"line":43,"column":7}},"4":{"start":{"line":47,"column":0},"end":{"line":47,"column":36}}},"fnMap":{"0":{"name":"(anonymous_0)","decl":{"start":{"line":25,"column":2},"end":{"line":25,"column":3}},"loc":{"start":{"line":25,"column":21},"end":{"line":31,"column":3}},"line":25},"1":{"name":"(anonymous_1)","decl":{"start":{"line":33,"column":2},"end":{"line":33,"column":3}},"loc":{"start":{"line":33,"column":19},"end":{"line":44,"column":3}},"line":33}},"branchMap":{"0":{"loc":{"start":{"line":27,"column":6},"end":{"line":29,"column":7}},"type":"if","locations":[{"start":{"line":27,"column":6},"end":{"line":29,"column":7}},{"start":{},"end":{}}],"line":27},"1":{"loc":{"start":{"line":36,"column":6},"end":{"line":36,"column":28}},"type":"binary-expr","locations":[{"start":{"line":36,"column":6},"end":{"line":36,"column":22}},{"start":{"line":36,"column":26},"end":{"line":36,"column":28}}],"line":36},"2":{"loc":{"start":{"line":38,"column":6},"end":{"line":38,"column":25}},"type":"binary-expr","locations":[{"start":{"line":38,"column":6},"end":{"line":38,"column":19}},{"start":{"line":38,"column":23},"end":{"line":38,"column":25}}],"line":38},"3":{"loc":{"start":{"line":40,"column":6},"end":{"line":40,"column":26}},"type":"binary-expr","locations":[{"start":{"line":40,"column":6},"end":{"line":40,"column":20}},{"start":{"line":40,"column":24},"end":{"line":40,"column":26}}],"line":40},"4":{"loc":{"start":{"line":42,"column":6},"end":{"line":42,"column":23}},"type":"binary-expr","locations":[{"start":{"line":42,"column":6},"end":{"line":42,"column":17}},{"start":{"line":42,"column":21},"end":{"line":42,"column":23}}],"line":42}},"s":{"0":18,"1":72,"2":72,"3":19,"4":2},"f":{"0":18,"1":19},"b":{"0":[72,0],"1":[19,12],"2":[19,0],"3":[19,0],"4":[19,19]},"_coverageSchema":"1a1c01bbd47fc00a2c39e90264f33305004495a9","hash":"b85e11b5ed4f0126add457b5d7c324425fa7e6cb"}
,"D:\\usr\\Victor\\Projects\\db-to-sheets\\midtier\\resources\\docker\\src\\secret-manager\\index.js": {"path":"D:\\usr\\Victor\\Projects\\db-to-sheets\\midtier\\resources\\docker\\src\\secret-manager\\index.js","statementMap":{"0":{"start":{"line":4,"column":4},"end":{"line":4,"column":46}},"1":{"start":{"line":5,"column":25},"end":{"line":5,"column":67}},"2":{"start":{"line":6,"column":29},"end":{"line":6,"column":102}},"3":{"start":{"line":7,"column":14},"end":{"line":7,"column":40}},"4":{"start":{"line":15,"column":4},"end":{"line":17,"column":5}},"5":{"start":{"line":16,"column":6},"end":{"line":16,"column":71}},"6":{"start":{"line":18,"column":25},"end":{"line":18,"column":72}},"7":{"start":{"line":19,"column":21},"end":{"line":19,"column":66}},"8":{"start":{"line":20,"column":4},"end":{"line":20,"column":65}},"9":{"start":{"line":24,"column":0},"end":{"line":24,"column":33}}},"fnMap":{"0":{"name":"(anonymous_0)","decl":{"start":{"line":14,"column":2},"end":{"line":14,"column":3}},"loc":{"start":{"line":14,"column":35},"end":{"line":21,"column":3}},"line":14}},"branchMap":{"0":{"loc":{"start":{"line":6,"column":63},"end":{"line":6,"column":100}},"type":"binary-expr","locations":[{"start":{"line":6,"column":63},"end":{"line":6,"column":85}},{"start":{"line":6,"column":89},"end":{"line":6,"column":100}}],"line":6},"1":{"loc":{"start":{"line":7,"column":14},"end":{"line":7,"column":40}},"type":"binary-expr","locations":[{"start":{"line":7,"column":14},"end":{"line":7,"column":31}},{"start":{"line":7,"column":35},"end":{"line":7,"column":40}}],"line":7},"2":{"loc":{"start":{"line":15,"column":4},"end":{"line":17,"column":5}},"type":"if","locations":[{"start":{"line":15,"column":4},"end":{"line":17,"column":5}},{"start":{},"end":{}}],"line":15}},"s":{"0":2,"1":2,"2":2,"3":2,"4":6,"5":4,"6":2,"7":2,"8":2,"9":2},"f":{"0":6},"b":{"0":[2,2],"1":[2,2],"2":[4,2]},"_coverageSchema":"1a1c01bbd47fc00a2c39e90264f33305004495a9","hash":"1f54659777abddc9459f023fa22ff7382da53860"}
,"D:\\usr\\Victor\\Projects\\db-to-sheets\\midtier\\resources\\docker\\src\\spreadsheet\\index.js": {"path":"D:\\usr\\Victor\\Projects\\db-to-sheets\\midtier\\resources\\docker\\src\\spreadsheet\\index.js","statementMap":{"0":{"start":{"line":1,"column":37},"end":{"line":1,"column":66}},"1":{"start":{"line":2,"column":17},"end":{"line":2,"column":33}},"2":{"start":{"line":3,"column":11},"end":{"line":3,"column":24}},"3":{"start":{"line":4,"column":13},"end":{"line":4,"column":28}},"4":{"start":{"line":5,"column":19},"end":{"line":5,"column":48}},"5":{"start":{"line":6,"column":19},"end":{"line":6,"column":50}},"6":{"start":{"line":12,"column":18},"end":{"line":12,"column":66}},"7":{"start":{"line":26,"column":4},"end":{"line":26,"column":52}},"8":{"start":{"line":27,"column":4},"end":{"line":27,"column":44}},"9":{"start":{"line":28,"column":4},"end":{"line":28,"column":36}},"10":{"start":{"line":29,"column":4},"end":{"line":29,"column":38}},"11":{"start":{"line":31,"column":28},"end":{"line":31,"column":87}},"12":{"start":{"line":32,"column":4},"end":{"line":32,"column":62}},"13":{"start":{"line":34,"column":24},"end":{"line":34,"column":64}},"14":{"start":{"line":35,"column":4},"end":{"line":35,"column":46}},"15":{"start":{"line":36,"column":4},"end":{"line":36,"column":55}},"16":{"start":{"line":37,"column":4},"end":{"line":37,"column":64}},"17":{"start":{"line":39,"column":4},"end":{"line":39,"column":56}},"18":{"start":{"line":47,"column":17},"end":{"line":50,"column":6}},"19":{"start":{"line":51,"column":23},"end":{"line":51,"column":45}},"20":{"start":{"line":52,"column":4},"end":{"line":52,"column":72}},"21":{"start":{"line":60,"column":4},"end":{"line":63,"column":7}},"22":{"start":{"line":72,"column":27},"end":{"line":72,"column":116}},"23":{"start":{"line":72,"column":43},"end":{"line":72,"column":115}},"24":{"start":{"line":72,"column":69},"end":{"line":72,"column":114}},"25":{"start":{"line":73,"column":4},"end":{"line":80,"column":7}},"26":{"start":{"line":88,"column":29},"end":{"line":91,"column":6}},"27":{"start":{"line":92,"column":21},"end":{"line":92,"column":58}},"28":{"start":{"line":93,"column":4},"end":{"line":101,"column":7}},"29":{"start":{"line":94,"column":21},"end":{"line":94,"column":67}},"30":{"start":{"line":95,"column":6},"end":{"line":97,"column":9}},"31":{"start":{"line":96,"column":8},"end":{"line":96,"column":20}},"32":{"start":{"line":98,"column":6},"end":{"line":100,"column":9}},"33":{"start":{"line":99,"column":8},"end":{"line":99,"column":18}},"34":{"start":{"line":105,"column":4},"end":{"line":105,"column":20}},"35":{"start":{"line":109,"column":0},"end":{"line":109,"column":31}}},"fnMap":{"0":{"name":"(anonymous_0)","decl":{"start":{"line":25,"column":2},"end":{"line":25,"column":3}},"loc":{"start":{"line":25,"column":72},"end":{"line":40,"column":3}},"line":25},"1":{"name":"(anonymous_1)","decl":{"start":{"line":72,"column":38},"end":{"line":72,"column":39}},"loc":{"start":{"line":72,"column":43},"end":{"line":72,"column":115}},"line":72},"2":{"name":"(anonymous_2)","decl":{"start":{"line":72,"column":64},"end":{"line":72,"column":65}},"loc":{"start":{"line":72,"column":69},"end":{"line":72,"column":114}},"line":72},"3":{"name":"(anonymous_3)","decl":{"start":{"line":93,"column":22},"end":{"line":93,"column":23}},"loc":{"start":{"line":93,"column":43},"end":{"line":101,"column":5}},"line":93},"4":{"name":"(anonymous_4)","decl":{"start":{"line":95,"column":25},"end":{"line":95,"column":26}},"loc":{"start":{"line":95,"column":32},"end":{"line":97,"column":7}},"line":95},"5":{"name":"(anonymous_5)","decl":{"start":{"line":98,"column":26},"end":{"line":98,"column":27}},"loc":{"start":{"line":98,"column":32},"end":{"line":100,"column":7}},"line":98}},"branchMap":{"0":{"loc":{"start":{"line":72,"column":69},"end":{"line":72,"column":114}},"type":"cond-expr","locations":[{"start":{"line":72,"column":93},"end":{"line":72,"column":110}},{"start":{"line":72,"column":113},"end":{"line":72,"column":114}}],"line":72}},"s":{"0":2,"1":2,"2":2,"3":2,"4":2,"5":2,"6":2,"7":16,"8":16,"9":16,"10":16,"11":16,"12":16,"13":16,"14":16,"15":16,"16":16,"17":16,"18":16,"19":16,"20":16,"21":16,"22":16,"23":113,"24":239,"25":16,"26":16,"27":16,"28":16,"29":16,"30":16,"31":0,"32":16,"33":16,"34":16,"35":2},"f":{"0":16,"1":113,"2":239,"3":16,"4":0,"5":16},"b":{"0":[0,239]},"_coverageSchema":"1a1c01bbd47fc00a2c39e90264f33305004495a9","hash":"97f4ef3b132b190a50e6720f49caef3b50e243ed"}
}
