TN:
SF:database\index.js
FN:15,(anonymous_0)
FN:29,(anonymous_1)
FN:42,(anonymous_2)
FN:54,(anonymous_3)
FN:56,(anonymous_4)
FN:62,(anonymous_5)
FN:67,(anonymous_6)
FNF:7
FNH:6
FNDA:31,(anonymous_0)
FNDA:9,(anonymous_1)
FNDA:14,(anonymous_2)
FNDA:28,(anonymous_3)
FNDA:14,(anonymous_4)
FNDA:14,(anonymous_5)
FNDA:0,(anonymous_6)
DA:1,2
DA:2,2
DA:3,2
DA:16,31
DA:17,3
DA:19,28
DA:20,2
DA:22,26
DA:30,9
DA:31,9
DA:32,9
DA:34,5
DA:36,3
DA:38,1
DA:43,14
DA:44,14
DA:45,14
DA:52,14
DA:53,14
DA:54,28
DA:55,14
DA:57,14
DA:58,1
DA:60,12
DA:63,14
DA:72,2
LF:26
LH:26
BRDA:16,0,0,3
BRDA:16,0,1,28
BRDA:16,1,0,31
BRDA:16,1,1,30
BRDA:19,2,0,2
BRDA:19,2,1,26
BRDA:32,3,0,5
BRDA:32,3,1,3
BRDA:32,3,2,1
BRDA:57,4,0,1
BRDA:57,4,1,12
BRF:11
BRH:11
end_of_record
TN:
SF:db-to-sheets\index.js
FN:14,(anonymous_0)
FN:37,(anonymous_1)
FN:43,(anonymous_2)
FN:51,(anonymous_3)
FNF:4
FNH:4
FNDA:6,(anonymous_0)
FNDA:8,(anonymous_1)
FNDA:8,(anonymous_2)
FNDA:8,(anonymous_3)
DA:1,1
DA:2,1
DA:3,1
DA:4,1
DA:5,1
DA:7,1
DA:15,6
DA:16,6
DA:17,6
DA:18,1
DA:20,5
DA:24,5
DA:25,5
DA:38,8
DA:39,8
DA:44,8
DA:45,1
DA:47,7
DA:52,8
DA:53,8
DA:54,8
DA:70,16
DA:71,16
DA:72,16
DA:76,1
LF:25
LH:25
BRDA:7,0,0,1
BRDA:7,0,1,1
BRDA:17,1,0,1
BRDA:17,1,1,5
BRDA:44,2,0,1
BRDA:44,2,1,7
BRF:6
BRH:6
end_of_record
TN:
SF:enums\database-engine.enum.js
FNF:0
FNH:0
DA:4,5
DA:9,5
LF:2
LH:2
BRF:0
BRH:0
end_of_record
TN:
SF:helpers\random.js
FN:12,(anonymous_0)
FN:28,(anonymous_1)
FN:36,(anonymous_2)
FN:57,(anonymous_3)
FN:70,(anonymous_4)
FN:91,(anonymous_5)
FN:101,(anonymous_6)
FNF:7
FNH:7
FNDA:76499,(anonymous_0)
FNDA:1224199,(anonymous_1)
FNDA:612055,(anonymous_2)
FNDA:18,(anonymous_3)
FNDA:3,(anonymous_4)
FNDA:21,(anonymous_5)
FNDA:36,(anonymous_6)
DA:1,6
DA:13,76499
DA:14,76499
DA:15,1223984
DA:16,612030
DA:18,611954
DA:21,76499
DA:29,1224199
DA:37,612055
DA:38,612055
DA:40,612055
DA:41,306400
DA:43,305655
DA:46,0
DA:49,0
DA:58,18
DA:59,18
DA:60,7
DA:62,18
DA:71,3
DA:72,3
DA:73,9
DA:75,3
DA:79,793
DA:80,793
DA:81,37982
DA:83,793
DA:92,21
DA:93,21
DA:94,21
DA:95,21
DA:96,793
DA:98,21
DA:102,36
DA:103,36
DA:104,36
DA:105,166
DA:107,36
DA:111,6
LF:39
LH:37
BRDA:12,0,0,76499
BRDA:15,1,0,612030
BRDA:15,1,1,611954
BRDA:36,2,0,0
BRDA:38,3,0,612055
BRDA:38,3,1,0
BRDA:38,3,2,0
BRDA:38,3,3,0
BRDA:40,4,0,306400
BRDA:40,4,1,305655
BRDA:57,5,0,0
BRDA:57,6,0,0
BRDA:70,7,0,3
BRDA:91,8,0,2
BRDA:91,9,0,2
BRDA:101,10,0,36
BRF:16
BRH:10
end_of_record
TN:
SF:helpers\validator\index.js
FN:6,(anonymous_0)
FN:14,(anonymous_1)
FN:19,(anonymous_2)
FNF:3
FNH:3
FNDA:9,(anonymous_0)
FNDA:10,(anonymous_1)
FNDA:9,(anonymous_2)
DA:6,4
DA:7,9
DA:8,8
DA:14,4
DA:15,10
DA:16,9
DA:19,4
DA:20,9
DA:21,8
DA:29,28
DA:30,3
DA:35,25
DA:36,22
DA:41,4
LF:14
LH:14
BRDA:29,0,0,3
BRDA:29,0,1,25
BRDA:35,1,0,22
BRDA:35,1,1,3
BRDA:35,2,0,25
BRDA:35,2,1,4
BRF:6
BRH:6
end_of_record
TN:
SF:models\database-config.model.js
FN:37,(anonymous_0)
FNF:1
FNH:1
FNDA:4,(anonymous_0)
DA:1,3
DA:38,4
DA:39,18
DA:40,18
DA:46,3
LF:5
LH:5
BRDA:39,0,0,18
BRDA:39,0,1,0
BRF:2
BRH:1
end_of_record
TN:
SF:models\report-details.model.js
FN:42,(anonymous_0)
FNF:1
FNH:1
FNDA:18,(anonymous_0)
DA:1,1
DA:43,18
DA:44,99
DA:45,99
DA:46,1
DA:48,98
DA:55,1
LF:7
LH:7
BRDA:44,0,0,99
BRDA:44,0,1,0
BRDA:45,1,0,1
BRDA:45,1,1,98
BRF:4
BRH:3
end_of_record
TN:
SF:models\spreadsheet-range.model.js
FN:25,(anonymous_0)
FN:33,(anonymous_1)
FNF:2
FNH:2
FNDA:18,(anonymous_0)
FNDA:19,(anonymous_1)
DA:26,18
DA:27,72
DA:28,72
DA:35,19
DA:47,2
LF:5
LH:5
BRDA:27,0,0,72
BRDA:27,0,1,0
BRDA:36,1,0,19
BRDA:36,1,1,12
BRDA:38,2,0,19
BRDA:38,2,1,0
BRDA:40,3,0,19
BRDA:40,3,1,0
BRDA:42,4,0,19
BRDA:42,4,1,19
BRF:10
BRH:7
end_of_record
TN:
SF:secret-manager\index.js
FN:14,(anonymous_0)
FNF:1
FNH:1
FNDA:6,(anonymous_0)
DA:4,2
DA:5,2
DA:6,2
DA:7,2
DA:15,6
DA:16,4
DA:18,2
DA:19,2
DA:20,2
DA:24,2
LF:10
LH:10
BRDA:6,0,0,2
BRDA:6,0,1,2
BRDA:7,1,0,2
BRDA:7,1,1,2
BRDA:15,2,0,4
BRDA:15,2,1,2
BRF:6
BRH:6
end_of_record
TN:
SF:spreadsheet\index.js
FN:25,(anonymous_0)
FN:72,(anonymous_1)
FN:72,(anonymous_2)
FN:93,(anonymous_3)
FN:95,(anonymous_4)
FN:98,(anonymous_5)
FNF:6
FNH:5
FNDA:16,(anonymous_0)
FNDA:113,(anonymous_1)
FNDA:239,(anonymous_2)
FNDA:16,(anonymous_3)
FNDA:0,(anonymous_4)
FNDA:16,(anonymous_5)
DA:1,2
DA:2,2
DA:3,2
DA:4,2
DA:5,2
DA:6,2
DA:12,2
DA:26,16
DA:27,16
DA:28,16
DA:29,16
DA:31,16
DA:32,16
DA:34,16
DA:35,16
DA:36,16
DA:37,16
DA:39,16
DA:47,16
DA:51,16
DA:52,16
DA:60,16
DA:72,239
DA:73,16
DA:88,16
DA:92,16
DA:93,16
DA:94,16
DA:95,16
DA:96,0
DA:98,16
DA:99,16
DA:105,16
DA:109,2
LF:34
LH:33
BRDA:72,0,0,0
BRDA:72,0,1,239
BRF:2
BRH:1
end_of_record
